# JRE version: OpenJDK Runtime Environment (21.0.8) (build 21.0.8+-14196175-b1038.72)
# Java VM: OpenJDK 64-Bit Server VM (21.0.8+-14196175-b1038.72, mixed mode, tiered, compressed oops, compressed class ptrs, g1 gc, windows-amd64)
GC Precious Log:
 CardTable entry size: 512
 Card Set container configuration: InlinePtr #cards 5 size 8 Array Of Cards #cards 12 size 40 Howl #buckets 4 coarsen threshold 1843 Howl Bitmap #cards 512 size 80 coarsen threshold 460 Card regions per heap region 1 cards per card region 2048
 CPUs: 8 total, 8 available
 Memory: 7975M
 Large Page Support: Disabled
 NUMA Support: Disabled
 Compressed Oops: Enabled (32-bit)
 Heap Region Size: 1M
 Heap Min Capacity: 8M
 Heap Initial Capacity: 126M
 Heap Max Capacity: 2G
 Pre-touch: Disabled
 Parallel Workers: 8
 Concurrent Workers: 2
 Concurrent Refinement Workers: 8
 Periodic GC: Disabled
Heap:
 garbage-first heap   total 399360K, used 203423K [0x0000000080000000, 0x0000000100000000)
  region size 1024K, 73 young (74752K), 2 survivors (2048K)
 Metaspace       used 159187K, committed 164544K, reserved 1245184K
  class space    used 21152K, committed 23168K, reserved 1048576K
GC Heap History (20 events):
Event: 1025.114 GC heap before
{Heap before GC invocations=84 (full 0):
 garbage-first heap   total 364544K, used 332560K [0x0000000080000000, 0x0000000100000000)
  region size 1024K, 152 young (155648K), 11 survivors (11264K)
 Metaspace       used 157053K, committed 159680K, reserved 1245184K
  class space    used 21397K, committed 22656K, reserved 1048576K
}
Event: 1025.129 GC heap after
{Heap after GC invocations=85 (full 0):
 garbage-first heap   total 364544K, used 186738K [0x0000000080000000, 0x0000000100000000)
  region size 1024K, 11 young (11264K), 11 survivors (11264K)
 Metaspace       used 157053K, committed 159680K, reserved 1245184K
  class space    used 21397K, committed 22656K, reserved 1048576K
}
Event: 1025.336 GC heap before
{Heap before GC invocations=85 (full 0):
 garbage-first heap   total 364544K, used 225650K [0x0000000080000000, 0x0000000100000000)
  region size 1024K, 50 young (51200K), 11 survivors (11264K)
 Metaspace       used 157081K, committed 159680K, reserved 1245184K
  class space    used 21397K, committed 22656K, reserved 1048576K
}
Event: 1025.347 GC heap after
{Heap after GC invocations=86 (full 0):
 garbage-first heap   total 364544K, used 187568K [0x0000000080000000, 0x0000000100000000)
  region size 1024K, 12 young (12288K), 12 survivors (12288K)
 Metaspace       used 157081K, committed 159680K, reserved 1245184K
  class space    used 21397K, committed 22656K, reserved 1048576K
}
Event: 1029.378 GC heap before
{Heap before GC invocations=87 (full 0):
 garbage-first heap   total 364544K, used 330928K [0x0000000080000000, 0x0000000100000000)
  region size 1024K, 153 young (156672K), 12 survivors (12288K)
 Metaspace       used 157178K, committed 159808K, reserved 1245184K
  class space    used 21397K, committed 22656K, reserved 1048576K
}
Event: 1029.416 GC heap after
{Heap after GC invocations=88 (full 0):
 garbage-first heap   total 364544K, used 197289K [0x0000000080000000, 0x0000000100000000)
  region size 1024K, 20 young (20480K), 20 survivors (20480K)
 Metaspace       used 157178K, committed 159808K, reserved 1245184K
  class space    used 21397K, committed 22656K, reserved 1048576K
}
Event: 1034.819 GC heap before
{Heap before GC invocations=88 (full 0):
 garbage-first heap   total 364544K, used 325289K [0x0000000080000000, 0x0000000100000000)
  region size 1024K, 144 young (147456K), 20 survivors (20480K)
 Metaspace       used 157538K, committed 160064K, reserved 1245184K
  class space    used 21447K, committed 22656K, reserved 1048576K
}
Event: 1034.859 GC heap after
{Heap after GC invocations=89 (full 0):
 garbage-first heap   total 364544K, used 190796K [0x0000000080000000, 0x0000000100000000)
  region size 1024K, 14 young (14336K), 14 survivors (14336K)
 Metaspace       used 157538K, committed 160064K, reserved 1245184K
  class space    used 21447K, committed 22656K, reserved 1048576K
}
Event: 1124.165 GC heap before
{Heap before GC invocations=89 (full 0):
 garbage-first heap   total 364544K, used 362828K [0x0000000080000000, 0x0000000100000000)
  region size 1024K, 146 young (149504K), 14 survivors (14336K)
 Metaspace       used 157960K, committed 160576K, reserved 1245184K
  class space    used 21460K, committed 22720K, reserved 1048576K
}
Event: 1124.324 GC heap after
{Heap after GC invocations=90 (full 0):
 garbage-first heap   total 391168K, used 200366K [0x0000000080000000, 0x0000000100000000)
  region size 1024K, 13 young (13312K), 13 survivors (13312K)
 Metaspace       used 157960K, committed 160576K, reserved 1245184K
  class space    used 21460K, committed 22720K, reserved 1048576K
}
Event: 1141.398 GC heap before
{Heap before GC invocations=90 (full 0):
 garbage-first heap   total 391168K, used 250542K [0x0000000080000000, 0x0000000100000000)
  region size 1024K, 64 young (65536K), 13 survivors (13312K)
 Metaspace       used 158043K, committed 160640K, reserved 1245184K
  class space    used 21460K, committed 22720K, reserved 1048576K
}
Event: 1141.483 GC heap after
{Heap after GC invocations=91 (full 0):
 garbage-first heap   total 391168K, used 202630K [0x0000000080000000, 0x0000000100000000)
  region size 1024K, 3 young (3072K), 3 survivors (3072K)
 Metaspace       used 158043K, committed 160640K, reserved 1245184K
  class space    used 21460K, committed 22720K, reserved 1048576K
}
Event: 4744.582 GC heap before
{Heap before GC invocations=92 (full 0):
 garbage-first heap   total 399360K, used 349062K [0x0000000080000000, 0x0000000100000000)
  region size 1024K, 112 young (114688K), 3 survivors (3072K)
 Metaspace       used 158207K, committed 160768K, reserved 1245184K
  class space    used 21460K, committed 22720K, reserved 1048576K
}
Event: 4746.312 GC heap after
{Heap after GC invocations=93 (full 1):
 garbage-first heap   total 399360K, used 130027K [0x0000000080000000, 0x0000000100000000)
  region size 1024K, 0 young (0K), 0 survivors (0K)
 Metaspace       used 158207K, committed 160768K, reserved 1245184K
  class space    used 21460K, committed 22720K, reserved 1048576K
}
Event: 5644.796 GC heap before
{Heap before GC invocations=93 (full 1):
 garbage-first heap   total 399360K, used 350187K [0x0000000080000000, 0x0000000100000000)
  region size 1024K, 216 young (221184K), 0 survivors (0K)
 Metaspace       used 161916K, committed 164544K, reserved 1245184K
  class space    used 21882K, committed 23168K, reserved 1048576K
}
Event: 5645.411 GC heap after
{Heap after GC invocations=94 (full 1):
 garbage-first heap   total 399360K, used 132597K [0x0000000080000000, 0x0000000100000000)
  region size 1024K, 3 young (3072K), 3 survivors (3072K)
 Metaspace       used 161916K, committed 164544K, reserved 1245184K
  class space    used 21882K, committed 23168K, reserved 1048576K
}
Event: 5654.630 GC heap before
{Heap before GC invocations=94 (full 1):
 garbage-first heap   total 399360K, used 144885K [0x0000000080000000, 0x0000000100000000)
  region size 1024K, 19 young (19456K), 3 survivors (3072K)
 Metaspace       used 158928K, committed 164544K, reserved 1245184K
  class space    used 21139K, committed 23168K, reserved 1048576K
}
Event: 5654.741 GC heap after
{Heap after GC invocations=95 (full 1):
 garbage-first heap   total 399360K, used 131258K [0x0000000080000000, 0x0000000100000000)
  region size 1024K, 3 young (3072K), 3 survivors (3072K)
 Metaspace       used 158928K, committed 164544K, reserved 1245184K
  class space    used 21139K, committed 23168K, reserved 1048576K
}
Event: 5657.070 GC heap before
{Heap before GC invocations=96 (full 1):
 garbage-first heap   total 399360K, used 147642K [0x0000000080000000, 0x0000000100000000)
  region size 1024K, 19 young (19456K), 3 survivors (3072K)
 Metaspace       used 158946K, committed 164544K, reserved 1245184K
  class space    used 21139K, committed 23168K, reserved 1048576K
}
Event: 5657.106 GC heap after
{Heap after GC invocations=97 (full 1):
 garbage-first heap   total 399360K, used 132767K [0x0000000080000000, 0x0000000100000000)
  region size 1024K, 2 young (2048K), 2 survivors (2048K)
 Metaspace       used 158946K, committed 164544K, reserved 1245184K
  class space    used 21139K, committed 23168K, reserved 1048576K
}

